[debug] [2021-05-15T11:57:53.032Z] ----------------------------------------------------------------------
[debug] [2021-05-15T11:57:53.033Z] Command:       /usr/local/bin/node /usr/local/bin/firebase emulators:start
[debug] [2021-05-15T11:57:53.034Z] CLI Version:   9.10.2
[debug] [2021-05-15T11:57:53.034Z] Platform:      darwin
[debug] [2021-05-15T11:57:53.034Z] Node Version:  v14.15.0
[debug] [2021-05-15T11:57:53.035Z] Time:          Sat May 15 2021 14:57:53 GMT+0300 (Eastern European Summer Time)
[debug] [2021-05-15T11:57:53.035Z] ----------------------------------------------------------------------
[debug] 
[debug] [2021-05-15T11:57:53.044Z] > command requires scopes: ["email","openid","https://www.googleapis.com/auth/cloudplatformprojects.readonly","https://www.googleapis.com/auth/firebase","https://www.googleapis.com/auth/cloud-platform"]
[debug] [2021-05-15T11:57:53.044Z] > authorizing via signed-in user (hello.rokastech@gmail.com)
[info] i  emulators: Starting emulators: functions, hosting {"metadata":{"emulator":{"name":"hub"},"message":"Starting emulators: functions, hosting"}}
[debug] [2021-05-15T11:57:53.062Z] [hub] writing locator at /var/folders/q9/s5nfrh4j79n7w51d8dbr3cr40000gn/T/hub-rookas-amzon-app.json
[warn] ⚠  functions: The following emulators are not running, calls to these services from the Functions emulator will affect production: auth, firestore, database, pubsub {"metadata":{"emulator":{"name":"functions"},"message":"The following emulators are not running, calls to these services from the Functions emulator will affect production: \u001b[1mauth, firestore, database, pubsub\u001b[22m"}}
[warn] ⚠  Your requested "node" version "12" doesn't match your global version "14" {"metadata":{"emulator":{"name":"functions"},"message":"Your requested \"node\" version \"12\" doesn't match your global version \"14\""}}
[debug] [2021-05-15T11:57:53.084Z] defaultcredentials: writing to file /Users/rookasrudzianskas/.config/firebase/hello_rokastech_gmail.com_application_default_credentials.json
[debug] [2021-05-15T11:57:53.102Z] Setting GAC to /Users/rookasrudzianskas/.config/firebase/hello_rokastech_gmail.com_application_default_credentials.json {"metadata":{"emulator":{"name":"functions"},"message":"Setting GAC to /Users/rookasrudzianskas/.config/firebase/hello_rokastech_gmail.com_application_default_credentials.json"}}
[debug] [2021-05-15T11:57:53.105Z] >>> [apiv2][query] GET https://firebase.googleapis.com/v1beta1/projects/rookas-amzon-app/adminSdkConfig [none]
[debug] [2021-05-15T11:57:53.534Z] <<< [apiv2][status] GET https://firebase.googleapis.com/v1beta1/projects/rookas-amzon-app/adminSdkConfig 200
[debug] [2021-05-15T11:57:53.534Z] <<< [apiv2][body] GET https://firebase.googleapis.com/v1beta1/projects/rookas-amzon-app/adminSdkConfig {"projectId":"rookas-amzon-app","storageBucket":"rookas-amzon-app.appspot.com"}
[debug] [2021-05-15T11:57:53.808Z] >>> [apiv2][query] GET https://firebasehosting.googleapis.com/v1beta1/projects/rookas-amzon-app/sites 
[debug] [2021-05-15T11:57:54.767Z] <<< [apiv2][status] GET https://firebasehosting.googleapis.com/v1beta1/projects/rookas-amzon-app/sites 200
[debug] [2021-05-15T11:57:54.767Z] <<< [apiv2][body] GET https://firebasehosting.googleapis.com/v1beta1/projects/rookas-amzon-app/sites {"sites":[{"name":"projects/888978066740/sites/rookas-amzon-app","defaultUrl":"https://rookas-amzon-app.web.app","appId":"1:888978066740:web:bac580c65959d46c2de961","type":"DEFAULT_SITE"}]}
[debug] [2021-05-15T11:57:54.768Z] >>> [apiv2][query] GET https://firebase.googleapis.com/v1beta1/projects/rookas-amzon-app/webApps/1:888978066740:web:bac580c65959d46c2de961/config [none]
[debug] [2021-05-15T11:57:55.712Z] <<< [apiv2][status] GET https://firebase.googleapis.com/v1beta1/projects/rookas-amzon-app/webApps/1:888978066740:web:bac580c65959d46c2de961/config 200
[debug] [2021-05-15T11:57:55.713Z] <<< [apiv2][body] GET https://firebase.googleapis.com/v1beta1/projects/rookas-amzon-app/webApps/1:888978066740:web:bac580c65959d46c2de961/config {"projectId":"rookas-amzon-app","appId":"1:888978066740:web:bac580c65959d46c2de961","storageBucket":"rookas-amzon-app.appspot.com","apiKey":"AIzaSyBX4utxF-dcKWgBbqBFF03axGQSAVAwdVE","authDomain":"rookas-amzon-app.firebaseapp.com","messagingSenderId":"888978066740","measurementId":"G-GPQ1CZ18QR"}
[info] i  hosting: Serving hosting files from: build {"metadata":{"emulator":{"name":"hosting"},"message":"Serving hosting files from: \u001b[1mbuild\u001b[22m"}}
[info] ✔  hosting: Local server: http://localhost:5000 {"metadata":{"emulator":{"name":"hosting"},"message":"Local server: \u001b[4m\u001b[1mhttp://localhost:5000\u001b[22m\u001b[24m"}}
[debug] [2021-05-15T11:57:55.747Z] Ignoring unsupported arg: auto_download {"metadata":{"emulator":{"name":"ui"},"message":"Ignoring unsupported arg: auto_download"}}
[debug] [2021-05-15T11:57:55.747Z] Ignoring unsupported arg: port {"metadata":{"emulator":{"name":"ui"},"message":"Ignoring unsupported arg: port"}}
[debug] [2021-05-15T11:57:55.747Z] Starting Emulator UI with command {"binary":"node","args":["/Users/rookasrudzianskas/.cache/firebase/emulators/ui-v1.4.2/server.bundle.js"],"optionalArgs":[],"joinArgs":false} {"metadata":{"emulator":{"name":"ui"},"message":"Starting Emulator UI with command {\"binary\":\"node\",\"args\":[\"/Users/rookasrudzianskas/.cache/firebase/emulators/ui-v1.4.2/server.bundle.js\"],\"optionalArgs\":[],\"joinArgs\":false}"}}
[info] i  ui: Emulator UI logging to ui-debug.log {"metadata":{"emulator":{"name":"ui"},"message":"Emulator UI logging to \u001b[1mui-debug.log\u001b[22m"}}
[debug] [2021-05-15T11:57:55.851Z] Web / API server started at http://localhost:4000
 {"metadata":{"emulator":{"name":"ui"},"message":"Web / API server started at http://localhost:4000\n"}}
[info] i  functions: Watching "/Users/rookasrudzianskas/Documents/React/REACT_AMAZON_NEW/Expert-Amazon-App-master/functions" for Cloud Functions... {"metadata":{"emulator":{"name":"functions"},"message":"Watching \"/Users/rookasrudzianskas/Documents/React/REACT_AMAZON_NEW/Expert-Amazon-App-master/functions\" for Cloud Functions..."}}
[debug] [2021-05-15T11:57:56.020Z] [worker-pool] addWorker(~diagnostic~) {"metadata":{"emulator":{"name":"functions"},"message":"[worker-pool] addWorker(~diagnostic~)"}}
[debug] [2021-05-15T11:57:56.020Z] [worker-pool] Adding worker with key ~diagnostic~, total=1 {"metadata":{"emulator":{"name":"functions"},"message":"[worker-pool] Adding worker with key ~diagnostic~, total=1"}}
[debug] [2021-05-15T11:57:56.020Z] [worker-pool] submitWork(triggerId=) {"metadata":{"emulator":{"name":"functions"},"message":"[worker-pool] submitWork(triggerId=)"}}
[debug] [2021-05-15T11:57:56.021Z] [worker-~diagnostic~-729b01e4-c614-42a6-b62b-0838122f38c7]: Assigning socketPath: /var/folders/q9/s5nfrh4j79n7w51d8dbr3cr40000gn/T/fire_emu_72745.sock {"metadata":{"emulator":{"name":"functions"},"message":"[worker-~diagnostic~-729b01e4-c614-42a6-b62b-0838122f38c7]: Assigning socketPath: /var/folders/q9/s5nfrh4j79n7w51d8dbr3cr40000gn/T/fire_emu_72745.sock"}}
[debug] [2021-05-15T11:57:56.021Z] [worker-~diagnostic~-729b01e4-c614-42a6-b62b-0838122f38c7]: BUSY {"metadata":{"emulator":{"name":"functions"},"message":"[worker-~diagnostic~-729b01e4-c614-42a6-b62b-0838122f38c7]: BUSY"}}
[debug] [2021-05-15T11:57:56.159Z] [runtime-status] [72745] Functions runtime initialized. {"cwd":"/Users/rookasrudzianskas/Documents/React/REACT_AMAZON_NEW/Expert-Amazon-App-master/functions","node_version":"14.15.0"} {"metadata":{"emulator":{"name":"functions"},"message":"[runtime-status] [72745] Functions runtime initialized. {\"cwd\":\"/Users/rookasrudzianskas/Documents/React/REACT_AMAZON_NEW/Expert-Amazon-App-master/functions\",\"node_version\":\"14.15.0\"}"}}
[debug] [2021-05-15T11:57:56.159Z] [runtime-status] [72745] Disabled runtime features: undefined {"metadata":{"emulator":{"name":"functions"},"message":"[runtime-status] [72745] Disabled runtime features: undefined"}}
[debug] [2021-05-15T11:57:56.162Z] [runtime-status] [72745] Resolved module firebase-admin {"declared":true,"installed":true,"version":"9.8.0","resolution":"/Users/rookasrudzianskas/Documents/React/REACT_AMAZON_NEW/Expert-Amazon-App-master/functions/node_modules/firebase-admin/lib/index.js"} {"metadata":{"emulator":{"name":"functions"},"message":"[runtime-status] [72745] Resolved module firebase-admin {\"declared\":true,\"installed\":true,\"version\":\"9.8.0\",\"resolution\":\"/Users/rookasrudzianskas/Documents/React/REACT_AMAZON_NEW/Expert-Amazon-App-master/functions/node_modules/firebase-admin/lib/index.js\"}"}}
[debug] [2021-05-15T11:57:56.163Z] [runtime-status] [72745] Resolved module firebase-functions {"declared":true,"installed":true,"version":"3.14.0","resolution":"/Users/rookasrudzianskas/Documents/React/REACT_AMAZON_NEW/Expert-Amazon-App-master/functions/node_modules/firebase-functions/lib/index.js"} {"metadata":{"emulator":{"name":"functions"},"message":"[runtime-status] [72745] Resolved module firebase-functions {\"declared\":true,\"installed\":true,\"version\":\"3.14.0\",\"resolution\":\"/Users/rookasrudzianskas/Documents/React/REACT_AMAZON_NEW/Expert-Amazon-App-master/functions/node_modules/firebase-functions/lib/index.js\"}"}}
[debug] [2021-05-15T11:57:56.165Z] [runtime-status] [72745] Resolved module firebase-functions {"declared":true,"installed":true,"version":"3.14.0","resolution":"/Users/rookasrudzianskas/Documents/React/REACT_AMAZON_NEW/Expert-Amazon-App-master/functions/node_modules/firebase-functions/lib/index.js"} {"metadata":{"emulator":{"name":"functions"},"message":"[runtime-status] [72745] Resolved module firebase-functions {\"declared\":true,\"installed\":true,\"version\":\"3.14.0\",\"resolution\":\"/Users/rookasrudzianskas/Documents/React/REACT_AMAZON_NEW/Expert-Amazon-App-master/functions/node_modules/firebase-functions/lib/index.js\"}"}}
[debug] [2021-05-15T11:57:56.167Z] [runtime-status] [72745] Outgoing network have been stubbed. [{"name":"http","status":"mocked"},{"name":"http","status":"mocked"},{"name":"https","status":"mocked"},{"name":"https","status":"mocked"},{"name":"net","status":"mocked"}] {"metadata":{"emulator":{"name":"functions"},"message":"[runtime-status] [72745] Outgoing network have been stubbed. [{\"name\":\"http\",\"status\":\"mocked\"},{\"name\":\"http\",\"status\":\"mocked\"},{\"name\":\"https\",\"status\":\"mocked\"},{\"name\":\"https\",\"status\":\"mocked\"},{\"name\":\"net\",\"status\":\"mocked\"}]"}}
[debug] [2021-05-15T11:57:56.167Z] [runtime-status] [72745] Resolved module firebase-functions {"declared":true,"installed":true,"version":"3.14.0","resolution":"/Users/rookasrudzianskas/Documents/React/REACT_AMAZON_NEW/Expert-Amazon-App-master/functions/node_modules/firebase-functions/lib/index.js"} {"metadata":{"emulator":{"name":"functions"},"message":"[runtime-status] [72745] Resolved module firebase-functions {\"declared\":true,\"installed\":true,\"version\":\"3.14.0\",\"resolution\":\"/Users/rookasrudzianskas/Documents/React/REACT_AMAZON_NEW/Expert-Amazon-App-master/functions/node_modules/firebase-functions/lib/index.js\"}"}}
[debug] [2021-05-15T11:57:56.198Z] [runtime-status] [72745] Checked functions.config() {"config":{}} {"metadata":{"emulator":{"name":"functions"},"message":"[runtime-status] [72745] Checked functions.config() {\"config\":{}}"}}
[debug] [2021-05-15T11:57:56.199Z] [runtime-status] [72745] firebase-functions has been stubbed. {"functionsResolution":{"declared":true,"installed":true,"version":"3.14.0","resolution":"/Users/rookasrudzianskas/Documents/React/REACT_AMAZON_NEW/Expert-Amazon-App-master/functions/node_modules/firebase-functions/lib/index.js"}} {"metadata":{"emulator":{"name":"functions"},"message":"[runtime-status] [72745] firebase-functions has been stubbed. {\"functionsResolution\":{\"declared\":true,\"installed\":true,\"version\":\"3.14.0\",\"resolution\":\"/Users/rookasrudzianskas/Documents/React/REACT_AMAZON_NEW/Expert-Amazon-App-master/functions/node_modules/firebase-functions/lib/index.js\"}}"}}
[debug] [2021-05-15T11:57:56.199Z] [runtime-status] [72745] Resolved module firebase-functions {"declared":true,"installed":true,"version":"3.14.0","resolution":"/Users/rookasrudzianskas/Documents/React/REACT_AMAZON_NEW/Expert-Amazon-App-master/functions/node_modules/firebase-functions/lib/index.js"} {"metadata":{"emulator":{"name":"functions"},"message":"[runtime-status] [72745] Resolved module firebase-functions {\"declared\":true,\"installed\":true,\"version\":\"3.14.0\",\"resolution\":\"/Users/rookasrudzianskas/Documents/React/REACT_AMAZON_NEW/Expert-Amazon-App-master/functions/node_modules/firebase-functions/lib/index.js\"}"}}
[debug] [2021-05-15T11:57:56.200Z] [runtime-status] [72745] Resolved module firebase-admin {"declared":true,"installed":true,"version":"9.8.0","resolution":"/Users/rookasrudzianskas/Documents/React/REACT_AMAZON_NEW/Expert-Amazon-App-master/functions/node_modules/firebase-admin/lib/index.js"} {"metadata":{"emulator":{"name":"functions"},"message":"[runtime-status] [72745] Resolved module firebase-admin {\"declared\":true,\"installed\":true,\"version\":\"9.8.0\",\"resolution\":\"/Users/rookasrudzianskas/Documents/React/REACT_AMAZON_NEW/Expert-Amazon-App-master/functions/node_modules/firebase-admin/lib/index.js\"}"}}
[debug] [2021-05-15T11:57:56.200Z] [runtime-status] [72745] Resolved module firebase-functions {"declared":true,"installed":true,"version":"3.14.0","resolution":"/Users/rookasrudzianskas/Documents/React/REACT_AMAZON_NEW/Expert-Amazon-App-master/functions/node_modules/firebase-functions/lib/index.js"} {"metadata":{"emulator":{"name":"functions"},"message":"[runtime-status] [72745] Resolved module firebase-functions {\"declared\":true,\"installed\":true,\"version\":\"3.14.0\",\"resolution\":\"/Users/rookasrudzianskas/Documents/React/REACT_AMAZON_NEW/Expert-Amazon-App-master/functions/node_modules/firebase-functions/lib/index.js\"}"}}
[debug] [2021-05-15T11:57:56.200Z] [runtime-status] [72745] firebase-admin has been stubbed. {"adminResolution":{"declared":true,"installed":true,"version":"9.8.0","resolution":"/Users/rookasrudzianskas/Documents/React/REACT_AMAZON_NEW/Expert-Amazon-App-master/functions/node_modules/firebase-admin/lib/index.js"}} {"metadata":{"emulator":{"name":"functions"},"message":"[runtime-status] [72745] firebase-admin has been stubbed. {\"adminResolution\":{\"declared\":true,\"installed\":true,\"version\":\"9.8.0\",\"resolution\":\"/Users/rookasrudzianskas/Documents/React/REACT_AMAZON_NEW/Expert-Amazon-App-master/functions/node_modules/firebase-admin/lib/index.js\"}}"}}
[info] ✔  functions[api]: http function initialized (http://localhost:5001/rookas-amzon-app/us-central1/api). {"metadata":{"emulator":{"name":"functions"},"message":"\u001b[1mhttp\u001b[22m function initialized (http://localhost:5001/rookas-amzon-app/us-central1/api)."}}
[info] 
┌─────────────────────────────────────────────────────────────┐
│ ✔  All emulators ready! It is now safe to connect your app. │
│ i  View Emulator UI at http://localhost:4000                │
└─────────────────────────────────────────────────────────────┘

┌───────────┬────────────────┬─────────────────────────────────┐
│ Emulator  │ Host:Port      │ View in Emulator UI             │
├───────────┼────────────────┼─────────────────────────────────┤
│ Functions │ localhost:5001 │ http://localhost:4000/functions │
├───────────┼────────────────┼─────────────────────────────────┤
│ Hosting   │ localhost:5000 │ n/a                             │
└───────────┴────────────────┴─────────────────────────────────┘
  Emulator Hub running at localhost:4400
  Other reserved ports: 4500

Issues? Report them at https://github.com/firebase/firebase-tools/issues and attach the *-debug.log files.
 
[debug] [2021-05-15T11:57:56.293Z] [worker-~diagnostic~-729b01e4-c614-42a6-b62b-0838122f38c7]: IDLE {"metadata":{"emulator":{"name":"functions"},"message":"[worker-~diagnostic~-729b01e4-c614-42a6-b62b-0838122f38c7]: IDLE"}}
[debug] [2021-05-15T11:58:13.849Z] [work-queue] {"queueLength":1,"workRunningCount":0}
[debug] [2021-05-15T11:58:13.850Z] [work-queue] {"queueLength":0,"workRunningCount":1}
[debug] [2021-05-15T11:58:13.850Z] Accepted request GET /rookas-amzon-app/us-central1/api --> api
[debug] [2021-05-15T11:58:13.856Z] [worker-pool] addWorker(api) {"metadata":{"emulator":{"name":"functions"},"message":"[worker-pool] addWorker(api)"}}
[debug] [2021-05-15T11:58:13.857Z] [worker-pool] Adding worker with key api, total=1 {"metadata":{"emulator":{"name":"functions"},"message":"[worker-pool] Adding worker with key api, total=1"}}
[debug] [2021-05-15T11:58:13.857Z] [worker-pool] submitWork(triggerId=api) {"metadata":{"emulator":{"name":"functions"},"message":"[worker-pool] submitWork(triggerId=api)"}}
[debug] [2021-05-15T11:58:13.857Z] [worker-api-37ffdb40-746c-4e86-b82f-f37f20342360]: Assigning socketPath: /var/folders/q9/s5nfrh4j79n7w51d8dbr3cr40000gn/T/fire_emu_72771.sock {"metadata":{"emulator":{"name":"functions"},"message":"[worker-api-37ffdb40-746c-4e86-b82f-f37f20342360]: Assigning socketPath: /var/folders/q9/s5nfrh4j79n7w51d8dbr3cr40000gn/T/fire_emu_72771.sock"}}
[debug] [2021-05-15T11:58:13.857Z] [worker-api-37ffdb40-746c-4e86-b82f-f37f20342360]: BUSY {"metadata":{"emulator":{"name":"functions"},"message":"[worker-api-37ffdb40-746c-4e86-b82f-f37f20342360]: BUSY"}}
[debug] [2021-05-15T11:58:14.072Z] [runtime-status] [72771] Functions runtime initialized. {"cwd":"/Users/rookasrudzianskas/Documents/React/REACT_AMAZON_NEW/Expert-Amazon-App-master/functions","node_version":"14.15.0"} {"metadata":{"emulator":{"name":"functions"},"function":{"name":"api"},"message":"[runtime-status] [72771] Functions runtime initialized. {\"cwd\":\"/Users/rookasrudzianskas/Documents/React/REACT_AMAZON_NEW/Expert-Amazon-App-master/functions\",\"node_version\":\"14.15.0\"}"}}
[debug] [2021-05-15T11:58:14.073Z] [runtime-status] [72771] Disabled runtime features: undefined {"metadata":{"emulator":{"name":"functions"},"function":{"name":"api"},"message":"[runtime-status] [72771] Disabled runtime features: undefined"}}
[debug] [2021-05-15T11:58:14.077Z] [runtime-status] [72771] Resolved module firebase-admin {"declared":true,"installed":true,"version":"9.8.0","resolution":"/Users/rookasrudzianskas/Documents/React/REACT_AMAZON_NEW/Expert-Amazon-App-master/functions/node_modules/firebase-admin/lib/index.js"} {"metadata":{"emulator":{"name":"functions"},"function":{"name":"api"},"message":"[runtime-status] [72771] Resolved module firebase-admin {\"declared\":true,\"installed\":true,\"version\":\"9.8.0\",\"resolution\":\"/Users/rookasrudzianskas/Documents/React/REACT_AMAZON_NEW/Expert-Amazon-App-master/functions/node_modules/firebase-admin/lib/index.js\"}"}}
[debug] [2021-05-15T11:58:14.079Z] [runtime-status] [72771] Resolved module firebase-functions {"declared":true,"installed":true,"version":"3.14.0","resolution":"/Users/rookasrudzianskas/Documents/React/REACT_AMAZON_NEW/Expert-Amazon-App-master/functions/node_modules/firebase-functions/lib/index.js"} {"metadata":{"emulator":{"name":"functions"},"function":{"name":"api"},"message":"[runtime-status] [72771] Resolved module firebase-functions {\"declared\":true,\"installed\":true,\"version\":\"3.14.0\",\"resolution\":\"/Users/rookasrudzianskas/Documents/React/REACT_AMAZON_NEW/Expert-Amazon-App-master/functions/node_modules/firebase-functions/lib/index.js\"}"}}
[debug] [2021-05-15T11:58:14.080Z] [runtime-status] [72771] Resolved module firebase-functions {"declared":true,"installed":true,"version":"3.14.0","resolution":"/Users/rookasrudzianskas/Documents/React/REACT_AMAZON_NEW/Expert-Amazon-App-master/functions/node_modules/firebase-functions/lib/index.js"} {"metadata":{"emulator":{"name":"functions"},"function":{"name":"api"},"message":"[runtime-status] [72771] Resolved module firebase-functions {\"declared\":true,\"installed\":true,\"version\":\"3.14.0\",\"resolution\":\"/Users/rookasrudzianskas/Documents/React/REACT_AMAZON_NEW/Expert-Amazon-App-master/functions/node_modules/firebase-functions/lib/index.js\"}"}}
[debug] [2021-05-15T11:58:14.082Z] [runtime-status] [72771] Outgoing network have been stubbed. [{"name":"http","status":"mocked"},{"name":"http","status":"mocked"},{"name":"https","status":"mocked"},{"name":"https","status":"mocked"},{"name":"net","status":"mocked"}] {"metadata":{"emulator":{"name":"functions"},"function":{"name":"api"},"message":"[runtime-status] [72771] Outgoing network have been stubbed. [{\"name\":\"http\",\"status\":\"mocked\"},{\"name\":\"http\",\"status\":\"mocked\"},{\"name\":\"https\",\"status\":\"mocked\"},{\"name\":\"https\",\"status\":\"mocked\"},{\"name\":\"net\",\"status\":\"mocked\"}]"}}
[debug] [2021-05-15T11:58:14.082Z] [runtime-status] [72771] Resolved module firebase-functions {"declared":true,"installed":true,"version":"3.14.0","resolution":"/Users/rookasrudzianskas/Documents/React/REACT_AMAZON_NEW/Expert-Amazon-App-master/functions/node_modules/firebase-functions/lib/index.js"} {"metadata":{"emulator":{"name":"functions"},"function":{"name":"api"},"message":"[runtime-status] [72771] Resolved module firebase-functions {\"declared\":true,\"installed\":true,\"version\":\"3.14.0\",\"resolution\":\"/Users/rookasrudzianskas/Documents/React/REACT_AMAZON_NEW/Expert-Amazon-App-master/functions/node_modules/firebase-functions/lib/index.js\"}"}}
[debug] [2021-05-15T11:58:14.134Z] [runtime-status] [72771] Checked functions.config() {"config":{}} {"metadata":{"emulator":{"name":"functions"},"function":{"name":"api"},"message":"[runtime-status] [72771] Checked functions.config() {\"config\":{}}"}}
[debug] [2021-05-15T11:58:14.134Z] [runtime-status] [72771] firebase-functions has been stubbed. {"functionsResolution":{"declared":true,"installed":true,"version":"3.14.0","resolution":"/Users/rookasrudzianskas/Documents/React/REACT_AMAZON_NEW/Expert-Amazon-App-master/functions/node_modules/firebase-functions/lib/index.js"}} {"metadata":{"emulator":{"name":"functions"},"function":{"name":"api"},"message":"[runtime-status] [72771] firebase-functions has been stubbed. {\"functionsResolution\":{\"declared\":true,\"installed\":true,\"version\":\"3.14.0\",\"resolution\":\"/Users/rookasrudzianskas/Documents/React/REACT_AMAZON_NEW/Expert-Amazon-App-master/functions/node_modules/firebase-functions/lib/index.js\"}}"}}
[debug] [2021-05-15T11:58:14.135Z] [runtime-status] [72771] Resolved module firebase-functions {"declared":true,"installed":true,"version":"3.14.0","resolution":"/Users/rookasrudzianskas/Documents/React/REACT_AMAZON_NEW/Expert-Amazon-App-master/functions/node_modules/firebase-functions/lib/index.js"} {"metadata":{"emulator":{"name":"functions"},"function":{"name":"api"},"message":"[runtime-status] [72771] Resolved module firebase-functions {\"declared\":true,\"installed\":true,\"version\":\"3.14.0\",\"resolution\":\"/Users/rookasrudzianskas/Documents/React/REACT_AMAZON_NEW/Expert-Amazon-App-master/functions/node_modules/firebase-functions/lib/index.js\"}"}}
[debug] [2021-05-15T11:58:14.135Z] [runtime-status] [72771] Resolved module firebase-admin {"declared":true,"installed":true,"version":"9.8.0","resolution":"/Users/rookasrudzianskas/Documents/React/REACT_AMAZON_NEW/Expert-Amazon-App-master/functions/node_modules/firebase-admin/lib/index.js"} {"metadata":{"emulator":{"name":"functions"},"function":{"name":"api"},"message":"[runtime-status] [72771] Resolved module firebase-admin {\"declared\":true,\"installed\":true,\"version\":\"9.8.0\",\"resolution\":\"/Users/rookasrudzianskas/Documents/React/REACT_AMAZON_NEW/Expert-Amazon-App-master/functions/node_modules/firebase-admin/lib/index.js\"}"}}
[debug] [2021-05-15T11:58:14.136Z] [runtime-status] [72771] Resolved module firebase-functions {"declared":true,"installed":true,"version":"3.14.0","resolution":"/Users/rookasrudzianskas/Documents/React/REACT_AMAZON_NEW/Expert-Amazon-App-master/functions/node_modules/firebase-functions/lib/index.js"} {"metadata":{"emulator":{"name":"functions"},"function":{"name":"api"},"message":"[runtime-status] [72771] Resolved module firebase-functions {\"declared\":true,\"installed\":true,\"version\":\"3.14.0\",\"resolution\":\"/Users/rookasrudzianskas/Documents/React/REACT_AMAZON_NEW/Expert-Amazon-App-master/functions/node_modules/firebase-functions/lib/index.js\"}"}}
[debug] [2021-05-15T11:58:14.136Z] [runtime-status] [72771] firebase-admin has been stubbed. {"adminResolution":{"declared":true,"installed":true,"version":"9.8.0","resolution":"/Users/rookasrudzianskas/Documents/React/REACT_AMAZON_NEW/Expert-Amazon-App-master/functions/node_modules/firebase-admin/lib/index.js"}} {"metadata":{"emulator":{"name":"functions"},"function":{"name":"api"},"message":"[runtime-status] [72771] firebase-admin has been stubbed. {\"adminResolution\":{\"declared\":true,\"installed\":true,\"version\":\"9.8.0\",\"resolution\":\"/Users/rookasrudzianskas/Documents/React/REACT_AMAZON_NEW/Expert-Amazon-App-master/functions/node_modules/firebase-admin/lib/index.js\"}}"}}
[debug] [2021-05-15T11:58:14.300Z] [runtime-status] [72771] Trigger "api" has been found, beginning invocation! {"metadata":{"emulator":{"name":"functions"},"function":{"name":"api"},"message":"[runtime-status] [72771] Trigger \"api\" has been found, beginning invocation!"}}
[info] i  functions: Beginning execution of "api" {"metadata":{"emulator":{"name":"functions"},"function":{"name":"api"},"message":"Beginning execution of \"api\""}}
[debug] [2021-05-15T11:58:14.301Z] [runtime-status] [72771] triggerDefinition {"httpsTrigger":{},"name":"api","entryPoint":"api"} {"metadata":{"emulator":{"name":"functions"},"function":{"name":"api"},"message":"[runtime-status] [72771] triggerDefinition {\"httpsTrigger\":{},\"name\":\"api\",\"entryPoint\":\"api\"}"}}
[debug] [2021-05-15T11:58:14.301Z] [runtime-status] [72771] Running api in mode HTTPS {"metadata":{"emulator":{"name":"functions"},"function":{"name":"api"},"message":"[runtime-status] [72771] Running api in mode HTTPS"}}
[debug] [2021-05-15T11:58:14.303Z] [runtime-status] [72771] Attempting to listen to socketPath: /var/folders/q9/s5nfrh4j79n7w51d8dbr3cr40000gn/T/fire_emu_72771.sock {"metadata":{"emulator":{"name":"functions"},"function":{"name":"api"},"message":"[runtime-status] [72771] Attempting to listen to socketPath: /var/folders/q9/s5nfrh4j79n7w51d8dbr3cr40000gn/T/fire_emu_72771.sock"}}
[debug] [2021-05-15T11:58:14.307Z] [functions] Runtime ready! Sending request! {"metadata":{"emulator":{"name":"functions"},"message":"[functions] Runtime ready! Sending request!"}}
[debug] [2021-05-15T11:58:14.307Z] [functions] Got req.url=/rookas-amzon-app/us-central1/api, mapping to path=/ {"metadata":{"emulator":{"name":"functions"},"message":"[functions] Got req.url=/rookas-amzon-app/us-central1/api, mapping to path=/"}}
[debug] [2021-05-15T11:58:14.313Z] [runtime-status] [72771] Ephemeral server handling GET request {"metadata":{"emulator":{"name":"functions"},"function":{"name":"api"},"message":"[runtime-status] [72771] Ephemeral server handling GET request"}}
[debug] [2021-05-15T11:58:14.321Z] [runtime-status] [72771] Ephemeral server survived. {"metadata":{"emulator":{"name":"functions"},"function":{"name":"api"},"message":"[runtime-status] [72771] Ephemeral server survived."}}
[info] i  functions: Finished "api" in ~1s {"metadata":{"emulator":{"name":"functions"},"function":{"name":"api"},"message":"Finished \"api\" in ~1s"}}
[debug] [2021-05-15T11:58:14.324Z] [worker-api-37ffdb40-746c-4e86-b82f-f37f20342360]: IDLE {"metadata":{"emulator":{"name":"functions"},"message":"[worker-api-37ffdb40-746c-4e86-b82f-f37f20342360]: IDLE"}}
[debug] [2021-05-15T11:58:14.325Z] [work-queue] {"queueLength":0,"workRunningCount":0}
[debug] [2021-05-15T11:58:14.381Z] Functions emulator received unknown request at path /favicon.ico
[debug] [2021-05-15T11:59:59.617Z] File /Users/rookasrudzianskas/Documents/React/REACT_AMAZON_NEW/Expert-Amazon-App-master/functions/index.js changed, reloading triggers {"metadata":{"emulator":{"name":"functions"},"message":"File /Users/rookasrudzianskas/Documents/React/REACT_AMAZON_NEW/Expert-Amazon-App-master/functions/index.js changed, reloading triggers"}}
[debug] [2021-05-15T12:00:00.621Z] [worker-pool] Shutting down IDLE worker (~diagnostic~) {"metadata":{"emulator":{"name":"functions"},"message":"[worker-pool] Shutting down IDLE worker (~diagnostic~)"}}
[debug] [2021-05-15T12:00:00.621Z] [worker-~diagnostic~-729b01e4-c614-42a6-b62b-0838122f38c7]: FINISHING {"metadata":{"emulator":{"name":"functions"},"message":"[worker-~diagnostic~-729b01e4-c614-42a6-b62b-0838122f38c7]: FINISHING"}}
[debug] [2021-05-15T12:00:00.622Z] [worker-pool] Shutting down IDLE worker (api) {"metadata":{"emulator":{"name":"functions"},"message":"[worker-pool] Shutting down IDLE worker (api)"}}
[debug] [2021-05-15T12:00:00.622Z] [worker-api-37ffdb40-746c-4e86-b82f-f37f20342360]: FINISHING {"metadata":{"emulator":{"name":"functions"},"message":"[worker-api-37ffdb40-746c-4e86-b82f-f37f20342360]: FINISHING"}}
[debug] [2021-05-15T12:00:00.630Z] [worker-pool] addWorker(~diagnostic~) {"metadata":{"emulator":{"name":"functions"},"message":"[worker-pool] addWorker(~diagnostic~)"}}
[debug] [2021-05-15T12:00:00.630Z] [worker-pool] Adding worker with key ~diagnostic~, total=2 {"metadata":{"emulator":{"name":"functions"},"message":"[worker-pool] Adding worker with key ~diagnostic~, total=2"}}
[debug] [2021-05-15T12:00:00.630Z] [worker-pool] submitWork(triggerId=) {"metadata":{"emulator":{"name":"functions"},"message":"[worker-pool] submitWork(triggerId=)"}}
[debug] [2021-05-15T12:00:00.630Z] [worker-~diagnostic~-535d5446-06fa-4825-90a0-90532028b21b]: Assigning socketPath: /var/folders/q9/s5nfrh4j79n7w51d8dbr3cr40000gn/T/fire_emu_73050.sock {"metadata":{"emulator":{"name":"functions"},"message":"[worker-~diagnostic~-535d5446-06fa-4825-90a0-90532028b21b]: Assigning socketPath: /var/folders/q9/s5nfrh4j79n7w51d8dbr3cr40000gn/T/fire_emu_73050.sock"}}
[debug] [2021-05-15T12:00:00.630Z] [worker-~diagnostic~-535d5446-06fa-4825-90a0-90532028b21b]: BUSY {"metadata":{"emulator":{"name":"functions"},"message":"[worker-~diagnostic~-535d5446-06fa-4825-90a0-90532028b21b]: BUSY"}}
[debug] [2021-05-15T12:00:00.632Z] [worker-~diagnostic~-729b01e4-c614-42a6-b62b-0838122f38c7]: exited {"metadata":{"emulator":{"name":"functions"},"message":"[worker-~diagnostic~-729b01e4-c614-42a6-b62b-0838122f38c7]: exited"}}
[debug] [2021-05-15T12:00:00.633Z] [worker-~diagnostic~-729b01e4-c614-42a6-b62b-0838122f38c7]: FINISHED {"metadata":{"emulator":{"name":"functions"},"message":"[worker-~diagnostic~-729b01e4-c614-42a6-b62b-0838122f38c7]: FINISHED"}}
[debug] [2021-05-15T12:00:00.633Z] [worker-api-37ffdb40-746c-4e86-b82f-f37f20342360]: exited {"metadata":{"emulator":{"name":"functions"},"message":"[worker-api-37ffdb40-746c-4e86-b82f-f37f20342360]: exited"}}
[debug] [2021-05-15T12:00:00.633Z] [worker-api-37ffdb40-746c-4e86-b82f-f37f20342360]: FINISHED {"metadata":{"emulator":{"name":"functions"},"message":"[worker-api-37ffdb40-746c-4e86-b82f-f37f20342360]: FINISHED"}}
[debug] [2021-05-15T12:00:00.862Z] [runtime-status] [73050] Functions runtime initialized. {"cwd":"/Users/rookasrudzianskas/Documents/React/REACT_AMAZON_NEW/Expert-Amazon-App-master/functions","node_version":"14.15.0"} {"metadata":{"emulator":{"name":"functions"},"message":"[runtime-status] [73050] Functions runtime initialized. {\"cwd\":\"/Users/rookasrudzianskas/Documents/React/REACT_AMAZON_NEW/Expert-Amazon-App-master/functions\",\"node_version\":\"14.15.0\"}"}}
[debug] [2021-05-15T12:00:00.865Z] [runtime-status] [73050] Disabled runtime features: undefined {"metadata":{"emulator":{"name":"functions"},"message":"[runtime-status] [73050] Disabled runtime features: undefined"}}
[debug] [2021-05-15T12:00:00.871Z] [runtime-status] [73050] Resolved module firebase-admin {"declared":true,"installed":true,"version":"9.8.0","resolution":"/Users/rookasrudzianskas/Documents/React/REACT_AMAZON_NEW/Expert-Amazon-App-master/functions/node_modules/firebase-admin/lib/index.js"} {"metadata":{"emulator":{"name":"functions"},"message":"[runtime-status] [73050] Resolved module firebase-admin {\"declared\":true,\"installed\":true,\"version\":\"9.8.0\",\"resolution\":\"/Users/rookasrudzianskas/Documents/React/REACT_AMAZON_NEW/Expert-Amazon-App-master/functions/node_modules/firebase-admin/lib/index.js\"}"}}
[debug] [2021-05-15T12:00:00.872Z] [runtime-status] [73050] Resolved module firebase-functions {"declared":true,"installed":true,"version":"3.14.0","resolution":"/Users/rookasrudzianskas/Documents/React/REACT_AMAZON_NEW/Expert-Amazon-App-master/functions/node_modules/firebase-functions/lib/index.js"} {"metadata":{"emulator":{"name":"functions"},"message":"[runtime-status] [73050] Resolved module firebase-functions {\"declared\":true,\"installed\":true,\"version\":\"3.14.0\",\"resolution\":\"/Users/rookasrudzianskas/Documents/React/REACT_AMAZON_NEW/Expert-Amazon-App-master/functions/node_modules/firebase-functions/lib/index.js\"}"}}
[debug] [2021-05-15T12:00:00.875Z] [runtime-status] [73050] Resolved module firebase-functions {"declared":true,"installed":true,"version":"3.14.0","resolution":"/Users/rookasrudzianskas/Documents/React/REACT_AMAZON_NEW/Expert-Amazon-App-master/functions/node_modules/firebase-functions/lib/index.js"} {"metadata":{"emulator":{"name":"functions"},"message":"[runtime-status] [73050] Resolved module firebase-functions {\"declared\":true,\"installed\":true,\"version\":\"3.14.0\",\"resolution\":\"/Users/rookasrudzianskas/Documents/React/REACT_AMAZON_NEW/Expert-Amazon-App-master/functions/node_modules/firebase-functions/lib/index.js\"}"}}
[debug] [2021-05-15T12:00:00.878Z] [runtime-status] [73050] Outgoing network have been stubbed. [{"name":"http","status":"mocked"},{"name":"http","status":"mocked"},{"name":"https","status":"mocked"},{"name":"https","status":"mocked"},{"name":"net","status":"mocked"}] {"metadata":{"emulator":{"name":"functions"},"message":"[runtime-status] [73050] Outgoing network have been stubbed. [{\"name\":\"http\",\"status\":\"mocked\"},{\"name\":\"http\",\"status\":\"mocked\"},{\"name\":\"https\",\"status\":\"mocked\"},{\"name\":\"https\",\"status\":\"mocked\"},{\"name\":\"net\",\"status\":\"mocked\"}]"}}
[debug] [2021-05-15T12:00:00.879Z] [runtime-status] [73050] Resolved module firebase-functions {"declared":true,"installed":true,"version":"3.14.0","resolution":"/Users/rookasrudzianskas/Documents/React/REACT_AMAZON_NEW/Expert-Amazon-App-master/functions/node_modules/firebase-functions/lib/index.js"} {"metadata":{"emulator":{"name":"functions"},"message":"[runtime-status] [73050] Resolved module firebase-functions {\"declared\":true,\"installed\":true,\"version\":\"3.14.0\",\"resolution\":\"/Users/rookasrudzianskas/Documents/React/REACT_AMAZON_NEW/Expert-Amazon-App-master/functions/node_modules/firebase-functions/lib/index.js\"}"}}
[debug] [2021-05-15T12:00:00.952Z] [runtime-status] [73050] Checked functions.config() {"config":{}} {"metadata":{"emulator":{"name":"functions"},"message":"[runtime-status] [73050] Checked functions.config() {\"config\":{}}"}}
[debug] [2021-05-15T12:00:00.953Z] [runtime-status] [73050] firebase-functions has been stubbed. {"functionsResolution":{"declared":true,"installed":true,"version":"3.14.0","resolution":"/Users/rookasrudzianskas/Documents/React/REACT_AMAZON_NEW/Expert-Amazon-App-master/functions/node_modules/firebase-functions/lib/index.js"}} {"metadata":{"emulator":{"name":"functions"},"message":"[runtime-status] [73050] firebase-functions has been stubbed. {\"functionsResolution\":{\"declared\":true,\"installed\":true,\"version\":\"3.14.0\",\"resolution\":\"/Users/rookasrudzianskas/Documents/React/REACT_AMAZON_NEW/Expert-Amazon-App-master/functions/node_modules/firebase-functions/lib/index.js\"}}"}}
[debug] [2021-05-15T12:00:00.954Z] [runtime-status] [73050] Resolved module firebase-functions {"declared":true,"installed":true,"version":"3.14.0","resolution":"/Users/rookasrudzianskas/Documents/React/REACT_AMAZON_NEW/Expert-Amazon-App-master/functions/node_modules/firebase-functions/lib/index.js"} {"metadata":{"emulator":{"name":"functions"},"message":"[runtime-status] [73050] Resolved module firebase-functions {\"declared\":true,\"installed\":true,\"version\":\"3.14.0\",\"resolution\":\"/Users/rookasrudzianskas/Documents/React/REACT_AMAZON_NEW/Expert-Amazon-App-master/functions/node_modules/firebase-functions/lib/index.js\"}"}}
[debug] [2021-05-15T12:00:00.955Z] [runtime-status] [73050] Resolved module firebase-admin {"declared":true,"installed":true,"version":"9.8.0","resolution":"/Users/rookasrudzianskas/Documents/React/REACT_AMAZON_NEW/Expert-Amazon-App-master/functions/node_modules/firebase-admin/lib/index.js"} {"metadata":{"emulator":{"name":"functions"},"message":"[runtime-status] [73050] Resolved module firebase-admin {\"declared\":true,\"installed\":true,\"version\":\"9.8.0\",\"resolution\":\"/Users/rookasrudzianskas/Documents/React/REACT_AMAZON_NEW/Expert-Amazon-App-master/functions/node_modules/firebase-admin/lib/index.js\"}"}}
[debug] [2021-05-15T12:00:00.955Z] [runtime-status] [73050] Resolved module firebase-functions {"declared":true,"installed":true,"version":"3.14.0","resolution":"/Users/rookasrudzianskas/Documents/React/REACT_AMAZON_NEW/Expert-Amazon-App-master/functions/node_modules/firebase-functions/lib/index.js"} {"metadata":{"emulator":{"name":"functions"},"message":"[runtime-status] [73050] Resolved module firebase-functions {\"declared\":true,\"installed\":true,\"version\":\"3.14.0\",\"resolution\":\"/Users/rookasrudzianskas/Documents/React/REACT_AMAZON_NEW/Expert-Amazon-App-master/functions/node_modules/firebase-functions/lib/index.js\"}"}}
[debug] [2021-05-15T12:00:00.956Z] [runtime-status] [73050] firebase-admin has been stubbed. {"adminResolution":{"declared":true,"installed":true,"version":"9.8.0","resolution":"/Users/rookasrudzianskas/Documents/React/REACT_AMAZON_NEW/Expert-Amazon-App-master/functions/node_modules/firebase-admin/lib/index.js"}} {"metadata":{"emulator":{"name":"functions"},"message":"[runtime-status] [73050] firebase-admin has been stubbed. {\"adminResolution\":{\"declared\":true,\"installed\":true,\"version\":\"9.8.0\",\"resolution\":\"/Users/rookasrudzianskas/Documents/React/REACT_AMAZON_NEW/Expert-Amazon-App-master/functions/node_modules/firebase-admin/lib/index.js\"}}"}}
[debug] [2021-05-15T12:00:01.192Z] [worker-~diagnostic~-535d5446-06fa-4825-90a0-90532028b21b]: IDLE {"metadata":{"emulator":{"name":"functions"},"message":"[worker-~diagnostic~-535d5446-06fa-4825-90a0-90532028b21b]: IDLE"}}
[debug] [2021-05-15T12:00:12.515Z] [work-queue] {"queueLength":1,"workRunningCount":0}
[debug] [2021-05-15T12:00:12.515Z] [work-queue] {"queueLength":0,"workRunningCount":1}
[debug] [2021-05-15T12:00:12.515Z] Accepted request GET /rookas-amzon-app/us-central1/api/rokas --> api
[debug] [2021-05-15T12:00:12.515Z] [worker-pool] Cleaned up workers for ~diagnostic~: 2 --> 1 {"metadata":{"emulator":{"name":"functions"},"message":"[worker-pool] Cleaned up workers for ~diagnostic~: 2 --> 1"}}
[debug] [2021-05-15T12:00:12.515Z] [worker-pool] Cleaned up workers for api: 1 --> 0 {"metadata":{"emulator":{"name":"functions"},"message":"[worker-pool] Cleaned up workers for api: 1 --> 0"}}
[debug] [2021-05-15T12:00:12.521Z] [worker-pool] addWorker(api) {"metadata":{"emulator":{"name":"functions"},"message":"[worker-pool] addWorker(api)"}}
[debug] [2021-05-15T12:00:12.522Z] [worker-pool] Adding worker with key api, total=1 {"metadata":{"emulator":{"name":"functions"},"message":"[worker-pool] Adding worker with key api, total=1"}}
[debug] [2021-05-15T12:00:12.522Z] [worker-pool] submitWork(triggerId=api) {"metadata":{"emulator":{"name":"functions"},"message":"[worker-pool] submitWork(triggerId=api)"}}
[debug] [2021-05-15T12:00:12.522Z] [worker-api-b090db63-208a-4511-8827-234827937c27]: Assigning socketPath: /var/folders/q9/s5nfrh4j79n7w51d8dbr3cr40000gn/T/fire_emu_73073.sock {"metadata":{"emulator":{"name":"functions"},"message":"[worker-api-b090db63-208a-4511-8827-234827937c27]: Assigning socketPath: /var/folders/q9/s5nfrh4j79n7w51d8dbr3cr40000gn/T/fire_emu_73073.sock"}}
[debug] [2021-05-15T12:00:12.522Z] [worker-api-b090db63-208a-4511-8827-234827937c27]: BUSY {"metadata":{"emulator":{"name":"functions"},"message":"[worker-api-b090db63-208a-4511-8827-234827937c27]: BUSY"}}
[debug] [2021-05-15T12:00:12.683Z] [runtime-status] [73073] Functions runtime initialized. {"cwd":"/Users/rookasrudzianskas/Documents/React/REACT_AMAZON_NEW/Expert-Amazon-App-master/functions","node_version":"14.15.0"} {"metadata":{"emulator":{"name":"functions"},"function":{"name":"api"},"message":"[runtime-status] [73073] Functions runtime initialized. {\"cwd\":\"/Users/rookasrudzianskas/Documents/React/REACT_AMAZON_NEW/Expert-Amazon-App-master/functions\",\"node_version\":\"14.15.0\"}"}}
[debug] [2021-05-15T12:00:12.684Z] [runtime-status] [73073] Disabled runtime features: undefined {"metadata":{"emulator":{"name":"functions"},"function":{"name":"api"},"message":"[runtime-status] [73073] Disabled runtime features: undefined"}}
[debug] [2021-05-15T12:00:12.687Z] [runtime-status] [73073] Resolved module firebase-admin {"declared":true,"installed":true,"version":"9.8.0","resolution":"/Users/rookasrudzianskas/Documents/React/REACT_AMAZON_NEW/Expert-Amazon-App-master/functions/node_modules/firebase-admin/lib/index.js"} {"metadata":{"emulator":{"name":"functions"},"function":{"name":"api"},"message":"[runtime-status] [73073] Resolved module firebase-admin {\"declared\":true,\"installed\":true,\"version\":\"9.8.0\",\"resolution\":\"/Users/rookasrudzianskas/Documents/React/REACT_AMAZON_NEW/Expert-Amazon-App-master/functions/node_modules/firebase-admin/lib/index.js\"}"}}
[debug] [2021-05-15T12:00:12.688Z] [runtime-status] [73073] Resolved module firebase-functions {"declared":true,"installed":true,"version":"3.14.0","resolution":"/Users/rookasrudzianskas/Documents/React/REACT_AMAZON_NEW/Expert-Amazon-App-master/functions/node_modules/firebase-functions/lib/index.js"} {"metadata":{"emulator":{"name":"functions"},"function":{"name":"api"},"message":"[runtime-status] [73073] Resolved module firebase-functions {\"declared\":true,\"installed\":true,\"version\":\"3.14.0\",\"resolution\":\"/Users/rookasrudzianskas/Documents/React/REACT_AMAZON_NEW/Expert-Amazon-App-master/functions/node_modules/firebase-functions/lib/index.js\"}"}}
[debug] [2021-05-15T12:00:12.690Z] [runtime-status] [73073] Resolved module firebase-functions {"declared":true,"installed":true,"version":"3.14.0","resolution":"/Users/rookasrudzianskas/Documents/React/REACT_AMAZON_NEW/Expert-Amazon-App-master/functions/node_modules/firebase-functions/lib/index.js"} {"metadata":{"emulator":{"name":"functions"},"function":{"name":"api"},"message":"[runtime-status] [73073] Resolved module firebase-functions {\"declared\":true,\"installed\":true,\"version\":\"3.14.0\",\"resolution\":\"/Users/rookasrudzianskas/Documents/React/REACT_AMAZON_NEW/Expert-Amazon-App-master/functions/node_modules/firebase-functions/lib/index.js\"}"}}
[debug] [2021-05-15T12:00:12.691Z] [runtime-status] [73073] Outgoing network have been stubbed. [{"name":"http","status":"mocked"},{"name":"http","status":"mocked"},{"name":"https","status":"mocked"},{"name":"https","status":"mocked"},{"name":"net","status":"mocked"}] {"metadata":{"emulator":{"name":"functions"},"function":{"name":"api"},"message":"[runtime-status] [73073] Outgoing network have been stubbed. [{\"name\":\"http\",\"status\":\"mocked\"},{\"name\":\"http\",\"status\":\"mocked\"},{\"name\":\"https\",\"status\":\"mocked\"},{\"name\":\"https\",\"status\":\"mocked\"},{\"name\":\"net\",\"status\":\"mocked\"}]"}}
[debug] [2021-05-15T12:00:12.692Z] [runtime-status] [73073] Resolved module firebase-functions {"declared":true,"installed":true,"version":"3.14.0","resolution":"/Users/rookasrudzianskas/Documents/React/REACT_AMAZON_NEW/Expert-Amazon-App-master/functions/node_modules/firebase-functions/lib/index.js"} {"metadata":{"emulator":{"name":"functions"},"function":{"name":"api"},"message":"[runtime-status] [73073] Resolved module firebase-functions {\"declared\":true,\"installed\":true,\"version\":\"3.14.0\",\"resolution\":\"/Users/rookasrudzianskas/Documents/React/REACT_AMAZON_NEW/Expert-Amazon-App-master/functions/node_modules/firebase-functions/lib/index.js\"}"}}
[debug] [2021-05-15T12:00:12.730Z] [runtime-status] [73073] Checked functions.config() {"config":{}} {"metadata":{"emulator":{"name":"functions"},"function":{"name":"api"},"message":"[runtime-status] [73073] Checked functions.config() {\"config\":{}}"}}
[debug] [2021-05-15T12:00:12.731Z] [runtime-status] [73073] firebase-functions has been stubbed. {"functionsResolution":{"declared":true,"installed":true,"version":"3.14.0","resolution":"/Users/rookasrudzianskas/Documents/React/REACT_AMAZON_NEW/Expert-Amazon-App-master/functions/node_modules/firebase-functions/lib/index.js"}} {"metadata":{"emulator":{"name":"functions"},"function":{"name":"api"},"message":"[runtime-status] [73073] firebase-functions has been stubbed. {\"functionsResolution\":{\"declared\":true,\"installed\":true,\"version\":\"3.14.0\",\"resolution\":\"/Users/rookasrudzianskas/Documents/React/REACT_AMAZON_NEW/Expert-Amazon-App-master/functions/node_modules/firebase-functions/lib/index.js\"}}"}}
[debug] [2021-05-15T12:00:12.731Z] [runtime-status] [73073] Resolved module firebase-functions {"declared":true,"installed":true,"version":"3.14.0","resolution":"/Users/rookasrudzianskas/Documents/React/REACT_AMAZON_NEW/Expert-Amazon-App-master/functions/node_modules/firebase-functions/lib/index.js"} {"metadata":{"emulator":{"name":"functions"},"function":{"name":"api"},"message":"[runtime-status] [73073] Resolved module firebase-functions {\"declared\":true,\"installed\":true,\"version\":\"3.14.0\",\"resolution\":\"/Users/rookasrudzianskas/Documents/React/REACT_AMAZON_NEW/Expert-Amazon-App-master/functions/node_modules/firebase-functions/lib/index.js\"}"}}
[debug] [2021-05-15T12:00:12.732Z] [runtime-status] [73073] Resolved module firebase-admin {"declared":true,"installed":true,"version":"9.8.0","resolution":"/Users/rookasrudzianskas/Documents/React/REACT_AMAZON_NEW/Expert-Amazon-App-master/functions/node_modules/firebase-admin/lib/index.js"} {"metadata":{"emulator":{"name":"functions"},"function":{"name":"api"},"message":"[runtime-status] [73073] Resolved module firebase-admin {\"declared\":true,\"installed\":true,\"version\":\"9.8.0\",\"resolution\":\"/Users/rookasrudzianskas/Documents/React/REACT_AMAZON_NEW/Expert-Amazon-App-master/functions/node_modules/firebase-admin/lib/index.js\"}"}}
[debug] [2021-05-15T12:00:12.732Z] [runtime-status] [73073] Resolved module firebase-functions {"declared":true,"installed":true,"version":"3.14.0","resolution":"/Users/rookasrudzianskas/Documents/React/REACT_AMAZON_NEW/Expert-Amazon-App-master/functions/node_modules/firebase-functions/lib/index.js"} {"metadata":{"emulator":{"name":"functions"},"function":{"name":"api"},"message":"[runtime-status] [73073] Resolved module firebase-functions {\"declared\":true,\"installed\":true,\"version\":\"3.14.0\",\"resolution\":\"/Users/rookasrudzianskas/Documents/React/REACT_AMAZON_NEW/Expert-Amazon-App-master/functions/node_modules/firebase-functions/lib/index.js\"}"}}
[debug] [2021-05-15T12:00:12.732Z] [runtime-status] [73073] firebase-admin has been stubbed. {"adminResolution":{"declared":true,"installed":true,"version":"9.8.0","resolution":"/Users/rookasrudzianskas/Documents/React/REACT_AMAZON_NEW/Expert-Amazon-App-master/functions/node_modules/firebase-admin/lib/index.js"}} {"metadata":{"emulator":{"name":"functions"},"function":{"name":"api"},"message":"[runtime-status] [73073] firebase-admin has been stubbed. {\"adminResolution\":{\"declared\":true,\"installed\":true,\"version\":\"9.8.0\",\"resolution\":\"/Users/rookasrudzianskas/Documents/React/REACT_AMAZON_NEW/Expert-Amazon-App-master/functions/node_modules/firebase-admin/lib/index.js\"}}"}}
[debug] [2021-05-15T12:00:12.844Z] [runtime-status] [73073] Trigger "api" has been found, beginning invocation! {"metadata":{"emulator":{"name":"functions"},"function":{"name":"api"},"message":"[runtime-status] [73073] Trigger \"api\" has been found, beginning invocation!"}}
[info] i  functions: Beginning execution of "api" {"metadata":{"emulator":{"name":"functions"},"function":{"name":"api"},"message":"Beginning execution of \"api\""}}
[debug] [2021-05-15T12:00:12.845Z] [runtime-status] [73073] triggerDefinition {"httpsTrigger":{},"name":"api","entryPoint":"api"} {"metadata":{"emulator":{"name":"functions"},"function":{"name":"api"},"message":"[runtime-status] [73073] triggerDefinition {\"httpsTrigger\":{},\"name\":\"api\",\"entryPoint\":\"api\"}"}}
[debug] [2021-05-15T12:00:12.845Z] [runtime-status] [73073] Running api in mode HTTPS {"metadata":{"emulator":{"name":"functions"},"function":{"name":"api"},"message":"[runtime-status] [73073] Running api in mode HTTPS"}}
[debug] [2021-05-15T12:00:12.847Z] [runtime-status] [73073] Attempting to listen to socketPath: /var/folders/q9/s5nfrh4j79n7w51d8dbr3cr40000gn/T/fire_emu_73073.sock {"metadata":{"emulator":{"name":"functions"},"function":{"name":"api"},"message":"[runtime-status] [73073] Attempting to listen to socketPath: /var/folders/q9/s5nfrh4j79n7w51d8dbr3cr40000gn/T/fire_emu_73073.sock"}}
[debug] [2021-05-15T12:00:12.850Z] [functions] Runtime ready! Sending request! {"metadata":{"emulator":{"name":"functions"},"message":"[functions] Runtime ready! Sending request!"}}
[debug] [2021-05-15T12:00:12.850Z] [functions] Got req.url=/rookas-amzon-app/us-central1/api/rokas, mapping to path=/rokas {"metadata":{"emulator":{"name":"functions"},"message":"[functions] Got req.url=/rookas-amzon-app/us-central1/api/rokas, mapping to path=/rokas"}}
[debug] [2021-05-15T12:00:12.856Z] [runtime-status] [73073] Ephemeral server handling GET request {"metadata":{"emulator":{"name":"functions"},"function":{"name":"api"},"message":"[runtime-status] [73073] Ephemeral server handling GET request"}}
[debug] [2021-05-15T12:00:12.866Z] [runtime-status] [73073] Ephemeral server survived. {"metadata":{"emulator":{"name":"functions"},"function":{"name":"api"},"message":"[runtime-status] [73073] Ephemeral server survived."}}
[info] i  functions: Finished "api" in ~1s {"metadata":{"emulator":{"name":"functions"},"function":{"name":"api"},"message":"Finished \"api\" in ~1s"}}
[debug] [2021-05-15T12:00:12.871Z] [worker-api-b090db63-208a-4511-8827-234827937c27]: IDLE {"metadata":{"emulator":{"name":"functions"},"message":"[worker-api-b090db63-208a-4511-8827-234827937c27]: IDLE"}}
[debug] [2021-05-15T12:00:12.871Z] [work-queue] {"queueLength":0,"workRunningCount":0}
